#
# A fatal error has been detected by the Java Runtime Environment:
#
#  EXCEPTION_ACCESS_VIOLATION (0xc0000005) at pc=0x00007ffc923aa8fb, pid=21468, tid=20584
#
# JRE version: OpenJDK Runtime Environment Temurin-21.0.8+9 (21.0.8+9) (build 21.0.8+9-LTS)
# Java VM: OpenJDK 64-Bit Server VM Temurin-21.0.8+9 (21.0.8+9-LTS, mixed mode, sharing, tiered, compressed oops, compressed class ptrs, g1 gc, windows-amd64)
# Problematic frame:
# V  [jvm.dll+0x22a8fb]
#
# No core dump will be written. Minidumps are not enabled by default on client versions of Windows
#
# If you would like to submit a bug report, please visit:
#   https://github.com/adoptium/adoptium-support/issues
#

---------------  S U M M A R Y ------------

Command Line: -Dfile.encoding=UTF-8 -Dstdout.encoding=UTF-8 -Dstderr.encoding=UTF-8 -XX:+ShowCodeDetailsInExceptionMessages com.study.userservice.UserserviceApplication

Host: AMD Ryzen 5 5600G with Radeon Graphics         , 12 cores, 7G,  Windows 10 , 64 bit Build 19041 (10.0.19041.5915)
Time: Wed Oct  1 02:07:55 2025 elapsed time: 2.011575 seconds (0d 0h 0m 2s)

---------------  T H R E A D  ---------------

Current thread (0x000001a1e811bfd0):  JavaThread "C2 CompilerThread2" daemon [_thread_in_native, id=20584, stack(0x00000041f1a00000,0x00000041f1b00000) (1024K)]


Current CompileTask:
C2:2011 4000   !   4       org.springframework.util.ReflectionUtils::doWithMethods (189 bytes)

Stack: [0x00000041f1a00000,0x00000041f1b00000],  sp=0x00000041f1afc770,  free space=1009k
Native frames: (J=compiled Java code, j=interpreted, Vv=VM code, C=native code)
V  [jvm.dll+0x22a8fb]
V  [jvm.dll+0x1e0fd5]
V  [jvm.dll+0x249022]
V  [jvm.dll+0x2484af]
V  [jvm.dll+0x1c89ee]
V  [jvm.dll+0x257d4d]
V  [jvm.dll+0x2562ea]
V  [jvm.dll+0x3f2d16]
V  [jvm.dll+0x857e6b]
V  [jvm.dll+0x6d0b0d]
C  [ucrtbase.dll+0x21bb2]
C  [KERNEL32.DLL+0x17374]
C  [ntdll.dll+0x4cc91]


siginfo: EXCEPTION_ACCESS_VIOLATION (0xc0000005), reading address 0x00007ffc90e1d500


Registers:
RAX=0x000001a1ec70f460, RBX=0x000001a1ec70f450, RCX=0x00007ffc90e1d500, RDX=0x00000041f1afcca0
RSP=0x00000041f1afc770, RBP=0x00000000000008fb, RSI=0x0000000000000000, RDI=0x00000000000003dd
R8 =0x00000041f1afcca0, R9 =0x0000000000000009, R10=0x00007ffc92e1d500, R11=0x0000000000002d88
R12=0x0000000000000001, R13=0x000000000000003b, R14=0x00000000000008fb, R15=0x00000041f1afc940
RIP=0x00007ffc923aa8fb, EFLAGS=0x0000000000010206

XMM[0]=0x0000000000000000 0x0000000000000000
XMM[1]=0x0000000000000000 0x0000000000000000
XMM[2]=0x0000000000000000 0x0000000000000000
XMM[3]=0x0000000000000000 0x0000000000000000
XMM[4]=0x0000000000000000 0x0000000000000000
XMM[5]=0x0000000000000000 0x0000000000000000
XMM[6]=0x0000000000000000 0x0000000000000000
XMM[7]=0x0000000000000000 0x0000000000000000
XMM[8]=0x0000000000000000 0x0000000000000000
XMM[9]=0x0000000000000000 0x0000000000000000
XMM[10]=0x0000000000000000 0x0000000000000000
XMM[11]=0x0000000000000000 0x0000000000000000
XMM[12]=0x0000000000000000 0x0000000000000000
XMM[13]=0x0000000000000000 0x0000000000000000
XMM[14]=0x0000000000000000 0x0000000000000000
XMM[15]=0x0000000000000000 0x0000000000000000
  MXCSR=0x00001fa0


Register to memory mapping:

RAX=0x000001a1ec70f460 points into unknown readable memory: 0x000001a1e91cdca0 | a0 dc 1c e9 a1 01 00 00
RBX=0x000001a1ec70f450 points into unknown readable memory: 0x0000000700000024 | 24 00 00 00 07 00 00 00
RCX=0x00007ffc90e1d500 is an unknown value
RDX=0x00000041f1afcca0 is pointing into the stack for thread: 0x000001a1e811bfd0
RSP=0x00000041f1afc770 is pointing into the stack for thread: 0x000001a1e811bfd0
RBP=0x00000000000008fb is an unknown value
RSI=0x0 is null
RDI=0x00000000000003dd is an unknown value
R8 =0x00000041f1afcca0 is pointing into the stack for thread: 0x000001a1e811bfd0
R9 =0x0000000000000009 is an unknown value
R10=0x00007ffc92e1d500 jvm.dll
R11=0x0000000000002d88 is an unknown value
R12=0x0000000000000001 is an unknown value
R13=0x000000000000003b is an unknown value
R14=0x00000000000008fb is an unknown value
R15=0x00000041f1afc940 is pointing into the stack for thread: 0x000001a1e811bfd0

Top of Stack: (sp=0x00000041f1afc770)
0x00000041f1afc770:   000001a1ec718b90 000001a1e948abc8
0x00000041f1afc780:   00000000000003d8 00000000000000bc
0x00000041f1afc790:   0000000000000000 0000000000000001
0x00000041f1afc7a0:   00000041f1afc940 0000000000000008
0x00000041f1afc7b0:   000001a1e9a230b8 00007ffc923a9b87
0x00000041f1afc7c0:   000001a1000000bc 000001a1e9a22c30
0x00000041f1afc7d0:   000001a1e948a7f0 0000000000000003
0x00000041f1afc7e0:   00000041f1afcd80 0000000000000001
0x00000041f1afc7f0:   000001a1e948a7e0 00000041f1afcd80
0x00000041f1afc800:   0000000000000001 000001a1e948a7f0
0x00000041f1afc810:   00000000000003d8 000001a1e948abc8
0x00000041f1afc820:   00000041f1afc930 00007ffc92360fd5
0x00000041f1afc830:   00000041f1afc940 00000041f1afcca0
0x00000041f1afc840:   0000004100000900 0000000000000009
0x00000041f1afc850:   000000000000b600 000000000000000e
0x00000041f1afc860:   0000000000000007 000001a1e948a7e0
0x00000041f1afc870:   000001a1eae65270 000001a1eae658e0
0x00000041f1afc880:   000001a1eae6d258 00000000001b79a0
0x00000041f1afc890:   000001a1e948a7f0 00007ffcd6a5fde6
0x00000041f1afc8a0:   0000000000000000 0000000000000000
0x00000041f1afc8b0:   000001a1e80f95a0 000001a100000000
0x00000041f1afc8c0:   0000000000009dc8 00007ffc92b85208
0x00000041f1afc8d0:   0000000000000000 0000000000000000
0x00000041f1afc8e0:   0000000000000000 00007ffc92b85208
0x00000041f1afc8f0:   000001a1e80f9500 00007ffc922457ee
0x00000041f1afc900:   000000000000000c 00000041f1afe180
0x00000041f1afc910:   000001a1ec688f70 000001a1e80f9501
0x00000041f1afc920:   000001a1ec986c00 000001a100000b00
0x00000041f1afc930:   00000041f1afc860 000001a1e948a7f0
0x00000041f1afc940:   00007ffc92b851b0 000000000000000d
0x00000041f1afc950:   00000041f1afe180 00000041f1afcca0
0x00000041f1afc960:   000001a1eaa35bb0 000001a1e80f95a0 

Instructions: (pc=0x00007ffc923aa8fb)
0x00007ffc923aa7fb:   00 48 8b e9 48 8b 49 18 48 81 c1 e0 00 00 00 e8
0x00007ffc923aa80b:   41 83 fb ff 48 8b 55 18 41 bf 01 00 00 00 33 ff
0x00007ffc923aa81b:   44 89 bc 24 d0 00 00 00 44 39 ba e0 00 00 00 0f
0x00007ffc923aa82b:   86 88 01 00 00 48 8b 9c 24 c0 00 00 00 4c 8d 15
0x00007ffc923aa83b:   c1 2c a7 00 90 4c 8d 82 e0 00 00 00 49 63 cf 49
0x00007ffc923aa84b:   8b 40 10 8b 2c 88 41 3b ef 75 05 4c 8b c2 eb 18
0x00007ffc923aa85b:   41 8b d7 49 8b c8 e8 5a 89 fb ff 4c 8b 43 18 4c
0x00007ffc923aa86b:   8d 15 8f 2c a7 00 8b e8 49 8b d0 44 3b fd 0f 84
0x00007ffc923aa87b:   19 01 00 00 49 8b 48 48 83 79 40 00 0f 86 09 01
0x00007ffc923aa88b:   00 00 41 8b f7 41 bc 01 00 00 00 48 c1 ee 06 41
0x00007ffc923aa89b:   8b cf 83 e6 03 45 8b cf 83 e1 3f 4c 8b bc 24 c0
0x00007ffc923aa8ab:   00 00 00 49 c1 e9 08 44 8b ed 41 83 e5 3f 44 8b
0x00007ffc923aa8bb:   f5 49 d3 e4 4c 89 8c 24 d8 00 00 00 66 0f 1f 84
0x00007ffc923aa8cb:   00 00 00 00 00 49 8b 40 48 8b cf 48 8b 40 30 48
0x00007ffc923aa8db:   8b 0c c8 8b 41 4c ff c8 48 8d 1c 80 49 8b 40 68
0x00007ffc923aa8eb:   48 c1 e3 05 48 03 58 10 48 8b 43 08 4a 8b 0c c8
0x00007ffc923aa8fb:   48 8b 14 f1 4c 85 e2 74 6c 49 8b c4 48 f7 d0 48
0x00007ffc923aa90b:   23 c2 48 89 04 f1 ff 0b 85 ed 74 59 48 8b 43 08
0x00007ffc923aa91b:   49 8b ce 48 c1 e9 08 48 8b 04 c8 49 3b c2 75 11
0x00007ffc923aa92b:   8b d5 48 8b cb e8 bb 38 19 00 4c 8d 15 c4 2b a7
0x00007ffc923aa93b:   00 49 8b cd 4d 8b c6 49 c1 e8 06 41 b9 01 00 00
0x00007ffc923aa94b:   00 49 d3 e1 41 83 e0 03 4a 8b 14 c0 48 8b ca 49
0x00007ffc923aa95b:   0b c9 49 85 d1 4a 89 0c c0 4c 8b 8c 24 d8 00 00
0x00007ffc923aa96b:   00 75 02 ff 03 49 8b 57 18 ff c7 4c 8b c2 48 8b
0x00007ffc923aa97b:   42 48 3b 78 40 0f 82 4a ff ff ff 44 8b bc 24 d0
0x00007ffc923aa98b:   00 00 00 48 8b 9c 24 c0 00 00 00 33 ff 41 ff c7
0x00007ffc923aa99b:   44 89 bc 24 d0 00 00 00 44 3b ba e0 00 00 00 0f
0x00007ffc923aa9ab:   82 90 fe ff ff 48 8b ac 24 c0 00 00 00 48 8b 45
0x00007ffc923aa9bb:   10 8b d7 89 54 24 44 8b 88 50 02 00 00 48 8b 45
0x00007ffc923aa9cb:   18 89 4d 20 48 8b 48 48 83 79 40 00 0f 86 e8 0f
0x00007ffc923aa9db:   00 00 0f 29 74 24 70 f2 0f 10 35 0e 3c 7e 00 66
0x00007ffc923aa9eb:   0f 1f 44 00 00 48 8b 5d 10 8b 83 50 02 00 00 2b 


Stack slot to memory mapping:

stack at sp + 0 slots: 0x000001a1ec718b90 points into unknown readable memory: 0x0000000900000003 | 03 00 00 00 09 00 00 00
stack at sp + 1 slots: 0x000001a1e948abc8 points into unknown readable memory: 0x9000050051253473 | 73 34 25 51 00 05 00 90
stack at sp + 2 slots: 0x00000000000003d8 is an unknown value
stack at sp + 3 slots: 0x00000000000000bc is an unknown value
stack at sp + 4 slots: 0x0 is null
stack at sp + 5 slots: 0x0000000000000001 is an unknown value
stack at sp + 6 slots: 0x00000041f1afc940 is pointing into the stack for thread: 0x000001a1e811bfd0
stack at sp + 7 slots: 0x0000000000000008 is an unknown value


---------------  P R O C E S S  ---------------

Threads class SMR info:
_java_thread_list=0x000001a1eaef24f0, length=13, elements={
0x000001a18ae0f970, 0x000001a1a2dedc70, 0x000001a1a2dee9d0, 0x000001a1a2df1750,
0x000001a1a2df2420, 0x000001a1a2df31d0, 0x000001a1a2df3c20, 0x000001a1a2e094f0,
0x000001a1a2e2c150, 0x000001a1e81182b0, 0x000001a1e811d4e0, 0x000001a1e811b930,
0x000001a1e811bfd0
}

Java Threads: ( => current thread )
  0x000001a18ae0f970 JavaThread "main"                              [_thread_in_native, id=21404, stack(0x00000041f0700000,0x00000041f0800000) (1024K)]
  0x000001a1a2dedc70 JavaThread "Reference Handler"          daemon [_thread_blocked, id=1440, stack(0x00000041f0f00000,0x00000041f1000000) (1024K)]
  0x000001a1a2dee9d0 JavaThread "Finalizer"                  daemon [_thread_blocked, id=8980, stack(0x00000041f1000000,0x00000041f1100000) (1024K)]
  0x000001a1a2df1750 JavaThread "Signal Dispatcher"          daemon [_thread_blocked, id=16200, stack(0x00000041f1100000,0x00000041f1200000) (1024K)]
  0x000001a1a2df2420 JavaThread "Attach Listener"            daemon [_thread_blocked, id=22124, stack(0x00000041f1200000,0x00000041f1300000) (1024K)]
  0x000001a1a2df31d0 JavaThread "Service Thread"             daemon [_thread_blocked, id=23212, stack(0x00000041f1300000,0x00000041f1400000) (1024K)]
  0x000001a1a2df3c20 JavaThread "Monitor Deflation Thread"   daemon [_thread_blocked, id=19064, stack(0x00000041f1400000,0x00000041f1500000) (1024K)]
  0x000001a1a2e094f0 JavaThread "C2 CompilerThread0"         daemon [_thread_blocked, id=22732, stack(0x00000041f1500000,0x00000041f1600000) (1024K)]
  0x000001a1a2e2c150 JavaThread "C1 CompilerThread0"         daemon [_thread_blocked, id=21252, stack(0x00000041f1600000,0x00000041f1700000) (1024K)]
  0x000001a1e81182b0 JavaThread "Notification Thread"        daemon [_thread_blocked, id=14988, stack(0x00000041f1700000,0x00000041f1800000) (1024K)]
  0x000001a1e811d4e0 JavaThread "Common-Cleaner"             daemon [_thread_blocked, id=12100, stack(0x00000041f1800000,0x00000041f1900000) (1024K)]
  0x000001a1e811b930 JavaThread "C2 CompilerThread1"         daemon [_thread_in_native, id=16980, stack(0x00000041f1900000,0x00000041f1a00000) (1024K)]
=>0x000001a1e811bfd0 JavaThread "C2 CompilerThread2"         daemon [_thread_in_native, id=20584, stack(0x00000041f1a00000,0x00000041f1b00000) (1024K)]
Total: 13

Other Threads:
  0x000001a1a2dd2e60 VMThread "VM Thread"                           [id=6292, stack(0x00000041f0e00000,0x00000041f0f00000) (1024K)]
  0x000001a1a2dc2a10 WatcherThread "VM Periodic Task Thread"        [id=4528, stack(0x00000041f0d00000,0x00000041f0e00000) (1024K)]
  0x000001a18ae5ba20 WorkerThread "GC Thread#0"                     [id=452, stack(0x00000041f0800000,0x00000041f0900000) (1024K)]
  0x000001a1e8cdfa10 WorkerThread "GC Thread#1"                     [id=3596, stack(0x00000041f1b00000,0x00000041f1c00000) (1024K)]
  0x000001a1e8989200 WorkerThread "GC Thread#2"                     [id=23324, stack(0x00000041f1c00000,0x00000041f1d00000) (1024K)]
  0x000001a1e8d28d90 WorkerThread "GC Thread#3"                     [id=11436, stack(0x00000041f1d00000,0x00000041f1e00000) (1024K)]
  0x000001a1e8d29740 WorkerThread "GC Thread#4"                     [id=8784, stack(0x00000041f1e00000,0x00000041f1f00000) (1024K)]
  0x000001a1e8d29ae0 WorkerThread "GC Thread#5"                     [id=10920, stack(0x00000041f1f00000,0x00000041f2000000) (1024K)]
  0x000001a1e8d8a3b0 WorkerThread "GC Thread#6"                     [id=14056, stack(0x00000041f2100000,0x00000041f2200000) (1024K)]
  0x000001a1e8ffcb70 WorkerThread "GC Thread#7"                     [id=13652, stack(0x00000041f2200000,0x00000041f2300000) (1024K)]
  0x000001a1e8ffcf10 WorkerThread "GC Thread#8"                     [id=17596, stack(0x00000041f2300000,0x00000041f2400000) (1024K)]
  0x000001a1e8ffd2b0 WorkerThread "GC Thread#9"                     [id=19344, stack(0x00000041f2400000,0x00000041f2500000) (1024K)]
  0x000001a18ae6bcd0 ConcurrentGCThread "G1 Main Marker"            [id=16052, stack(0x00000041f0900000,0x00000041f0a00000) (1024K)]
  0x000001a18ae6c7d0 WorkerThread "G1 Conc#0"                       [id=9512, stack(0x00000041f0a00000,0x00000041f0b00000) (1024K)]
  0x000001a1ea3e2200 WorkerThread "G1 Conc#1"                       [id=12368, stack(0x00000041f2000000,0x00000041f2100000) (1024K)]
  0x000001a1ea3e1e60 WorkerThread "G1 Conc#2"                       [id=3924, stack(0x00000041f2500000,0x00000041f2600000) (1024K)]
  0x000001a18aece6a0 ConcurrentGCThread "G1 Refine#0"               [id=20460, stack(0x00000041f0b00000,0x00000041f0c00000) (1024K)]
  0x000001a1a2c932d0 ConcurrentGCThread "G1 Service"                [id=12428, stack(0x00000041f0c00000,0x00000041f0d00000) (1024K)]
Total: 18

Threads with active compile tasks:
C2 CompilerThread1  2033 3999   !   4       org.springframework.core.annotation.AnnotationsScanner::processClassHierarchy (234 bytes)
C2 CompilerThread2  2033 4000   !   4       org.springframework.util.ReflectionUtils::doWithMethods (189 bytes)
Total: 2

VM state: not at safepoint (normal execution)

VM Mutex/Monitor currently owned by a thread: None

Heap address: 0x000000008b400000, size: 1868 MB, Compressed Oops mode: 32-bit

CDS archive(s) mapped at: [0x000001a1a3000000-0x000001a1a3c80000-0x000001a1a3c80000), size 13107200, SharedBaseAddress: 0x000001a1a3000000, ArchiveRelocationMode: 1.
Compressed class space mapped at: 0x000001a1a4000000-0x000001a1e4000000, reserved size: 1073741824
Narrow klass base: 0x000001a1a3000000, Narrow klass shift: 0, Narrow klass range: 0x100000000

GC Precious Log:
 CardTable entry size: 512
 Card Set container configuration: InlinePtr #cards 5 size 8 Array Of Cards #cards 12 size 40 Howl #buckets 4 coarsen threshold 1843 Howl Bitmap #cards 512 size 80 coarsen threshold 460 Card regions per heap region 1 cards per card region 2048
 CPUs: 12 total, 12 available
 Memory: 7471M
 Large Page Support: Disabled
 NUMA Support: Disabled
 Compressed Oops: Enabled (32-bit)
 Heap Region Size: 1M
 Heap Min Capacity: 8M
 Heap Initial Capacity: 118M
 Heap Max Capacity: 1868M
 Pre-touch: Disabled
 Parallel Workers: 10
 Concurrent Workers: 3
 Concurrent Refinement Workers: 10
 Periodic GC: Disabled

Heap:
 garbage-first heap   total 65536K, used 32664K [0x000000008b400000, 0x0000000100000000)
  region size 1024K, 22 young (22528K), 7 survivors (7168K)
 Metaspace       used 31335K, committed 31808K, reserved 1114112K
  class space    used 4065K, committed 4288K, reserved 1048576K

Heap Regions: E=young(eden), S=young(survivor), O=old, HS=humongous(starts), HC=humongous(continues), CS=collection set, F=free, TAMS=top-at-mark-start, PB=parsable bottom
|   0|0x000000008b400000, 0x000000008b500000, 0x000000008b500000|100%|HS|  |TAMS 0x000000008b400000| PB 0x000000008b400000| Complete 
|   1|0x000000008b500000, 0x000000008b600000, 0x000000008b600000|100%|HS|  |TAMS 0x000000008b500000| PB 0x000000008b500000| Complete 
|   2|0x000000008b600000, 0x000000008b700000, 0x000000008b700000|100%| O|  |TAMS 0x000000008b600000| PB 0x000000008b600000| Untracked 
|   3|0x000000008b700000, 0x000000008b800000, 0x000000008b800000|100%| O|  |TAMS 0x000000008b700000| PB 0x000000008b700000| Untracked 
|   4|0x000000008b800000, 0x000000008b900000, 0x000000008b900000|100%| O|  |TAMS 0x000000008b800000| PB 0x000000008b800000| Untracked 
|   5|0x000000008b900000, 0x000000008ba00000, 0x000000008ba00000|100%| O|  |TAMS 0x000000008b900000| PB 0x000000008b900000| Untracked 
|   6|0x000000008ba00000, 0x000000008bb00000, 0x000000008bb00000|100%| O|  |TAMS 0x000000008ba00000| PB 0x000000008ba00000| Untracked 
|   7|0x000000008bb00000, 0x000000008bc00000, 0x000000008bc00000|100%| O|  |TAMS 0x000000008bb00000| PB 0x000000008bb00000| Untracked 
|   8|0x000000008bc00000, 0x000000008bc7c7b8, 0x000000008bd00000| 48%| O|Cm|TAMS 0x000000008bc00000| PB 0x000000008bc00000| Complete 
|   9|0x000000008bd00000, 0x000000008bd00000, 0x000000008be00000|  0%| F|  |TAMS 0x000000008bd00000| PB 0x000000008bd00000| Untracked 
|  10|0x000000008be00000, 0x000000008be00000, 0x000000008bf00000|  0%| F|  |TAMS 0x000000008be00000| PB 0x000000008be00000| Untracked 
|  11|0x000000008bf00000, 0x000000008bf00000, 0x000000008c000000|  0%| F|  |TAMS 0x000000008bf00000| PB 0x000000008bf00000| Untracked 
|  12|0x000000008c000000, 0x000000008c000000, 0x000000008c100000|  0%| F|  |TAMS 0x000000008c000000| PB 0x000000008c000000| Untracked 
|  13|0x000000008c100000, 0x000000008c100000, 0x000000008c200000|  0%| F|  |TAMS 0x000000008c100000| PB 0x000000008c100000| Untracked 
|  14|0x000000008c200000, 0x000000008c200000, 0x000000008c300000|  0%| F|  |TAMS 0x000000008c200000| PB 0x000000008c200000| Untracked 
|  15|0x000000008c300000, 0x000000008c300000, 0x000000008c400000|  0%| F|  |TAMS 0x000000008c300000| PB 0x000000008c300000| Untracked 
|  16|0x000000008c400000, 0x000000008c400000, 0x000000008c500000|  0%| F|  |TAMS 0x000000008c400000| PB 0x000000008c400000| Untracked 
|  17|0x000000008c500000, 0x000000008c500000, 0x000000008c600000|  0%| F|  |TAMS 0x000000008c500000| PB 0x000000008c500000| Untracked 
|  18|0x000000008c600000, 0x000000008c600000, 0x000000008c700000|  0%| F|  |TAMS 0x000000008c600000| PB 0x000000008c600000| Untracked 
|  19|0x000000008c700000, 0x000000008c700000, 0x000000008c800000|  0%| F|  |TAMS 0x000000008c700000| PB 0x000000008c700000| Untracked 
|  20|0x000000008c800000, 0x000000008c800000, 0x000000008c900000|  0%| F|  |TAMS 0x000000008c800000| PB 0x000000008c800000| Untracked 
|  21|0x000000008c900000, 0x000000008c900000, 0x000000008ca00000|  0%| F|  |TAMS 0x000000008c900000| PB 0x000000008c900000| Untracked 
|  22|0x000000008ca00000, 0x000000008ca00000, 0x000000008cb00000|  0%| F|  |TAMS 0x000000008ca00000| PB 0x000000008ca00000| Untracked 
|  23|0x000000008cb00000, 0x000000008cb00000, 0x000000008cc00000|  0%| F|  |TAMS 0x000000008cb00000| PB 0x000000008cb00000| Untracked 
|  24|0x000000008cc00000, 0x000000008cc00000, 0x000000008cd00000|  0%| F|  |TAMS 0x000000008cc00000| PB 0x000000008cc00000| Untracked 
|  25|0x000000008cd00000, 0x000000008cd00000, 0x000000008ce00000|  0%| F|  |TAMS 0x000000008cd00000| PB 0x000000008cd00000| Untracked 
|  26|0x000000008ce00000, 0x000000008ce00000, 0x000000008cf00000|  0%| F|  |TAMS 0x000000008ce00000| PB 0x000000008ce00000| Untracked 
|  27|0x000000008cf00000, 0x000000008cf00000, 0x000000008d000000|  0%| F|  |TAMS 0x000000008cf00000| PB 0x000000008cf00000| Untracked 
|  28|0x000000008d000000, 0x000000008d000000, 0x000000008d100000|  0%| F|  |TAMS 0x000000008d000000| PB 0x000000008d000000| Untracked 
|  29|0x000000008d100000, 0x000000008d100000, 0x000000008d200000|  0%| F|  |TAMS 0x000000008d100000| PB 0x000000008d100000| Untracked 
|  30|0x000000008d200000, 0x000000008d200000, 0x000000008d300000|  0%| F|  |TAMS 0x000000008d200000| PB 0x000000008d200000| Untracked 
|  31|0x000000008d300000, 0x000000008d300000, 0x000000008d400000|  0%| F|  |TAMS 0x000000008d300000| PB 0x000000008d300000| Untracked 
|  32|0x000000008d400000, 0x000000008d400000, 0x000000008d500000|  0%| F|  |TAMS 0x000000008d400000| PB 0x000000008d400000| Untracked 
|  33|0x000000008d500000, 0x000000008d500000, 0x000000008d600000|  0%| F|  |TAMS 0x000000008d500000| PB 0x000000008d500000| Untracked 
|  34|0x000000008d600000, 0x000000008d600000, 0x000000008d700000|  0%| F|  |TAMS 0x000000008d600000| PB 0x000000008d600000| Untracked 
|  35|0x000000008d700000, 0x000000008d700000, 0x000000008d800000|  0%| F|  |TAMS 0x000000008d700000| PB 0x000000008d700000| Untracked 
|  36|0x000000008d800000, 0x000000008d800000, 0x000000008d900000|  0%| F|  |TAMS 0x000000008d800000| PB 0x000000008d800000| Untracked 
|  37|0x000000008d900000, 0x000000008d900000, 0x000000008da00000|  0%| F|  |TAMS 0x000000008d900000| PB 0x000000008d900000| Untracked 
|  38|0x000000008da00000, 0x000000008da00000, 0x000000008db00000|  0%| F|  |TAMS 0x000000008da00000| PB 0x000000008da00000| Untracked 
|  39|0x000000008db00000, 0x000000008dc00000, 0x000000008dc00000|100%| E|  |TAMS 0x000000008db00000| PB 0x000000008db00000| Complete 
|  40|0x000000008dc00000, 0x000000008dd00000, 0x000000008dd00000|100%| E|CS|TAMS 0x000000008dc00000| PB 0x000000008dc00000| Complete 
|  41|0x000000008dd00000, 0x000000008de00000, 0x000000008de00000|100%| E|CS|TAMS 0x000000008dd00000| PB 0x000000008dd00000| Complete 
|  42|0x000000008de00000, 0x000000008df00000, 0x000000008df00000|100%| E|CS|TAMS 0x000000008de00000| PB 0x000000008de00000| Complete 
|  43|0x000000008df00000, 0x000000008e000000, 0x000000008e000000|100%| E|CS|TAMS 0x000000008df00000| PB 0x000000008df00000| Complete 
|  44|0x000000008e000000, 0x000000008e100000, 0x000000008e100000|100%| E|CS|TAMS 0x000000008e000000| PB 0x000000008e000000| Complete 
|  45|0x000000008e100000, 0x000000008e200000, 0x000000008e200000|100%| E|CS|TAMS 0x000000008e100000| PB 0x000000008e100000| Complete 
|  46|0x000000008e200000, 0x000000008e300000, 0x000000008e300000|100%| S|CS|TAMS 0x000000008e200000| PB 0x000000008e200000| Complete 
|  47|0x000000008e300000, 0x000000008e400000, 0x000000008e400000|100%| S|CS|TAMS 0x000000008e300000| PB 0x000000008e300000| Complete 
|  48|0x000000008e400000, 0x000000008e500000, 0x000000008e500000|100%| S|CS|TAMS 0x000000008e400000| PB 0x000000008e400000| Complete 
|  49|0x000000008e500000, 0x000000008e600000, 0x000000008e600000|100%| S|CS|TAMS 0x000000008e500000| PB 0x000000008e500000| Complete 
|  50|0x000000008e600000, 0x000000008e700000, 0x000000008e700000|100%| S|CS|TAMS 0x000000008e600000| PB 0x000000008e600000| Complete 
|  51|0x000000008e700000, 0x000000008e800000, 0x000000008e800000|100%| S|CS|TAMS 0x000000008e700000| PB 0x000000008e700000| Complete 
|  52|0x000000008e800000, 0x000000008e900000, 0x000000008e900000|100%| S|CS|TAMS 0x000000008e800000| PB 0x000000008e800000| Complete 
|  66|0x000000008f600000, 0x000000008f700000, 0x000000008f700000|100%| E|CS|TAMS 0x000000008f600000| PB 0x000000008f600000| Complete 
|  67|0x000000008f700000, 0x000000008f800000, 0x000000008f800000|100%| E|CS|TAMS 0x000000008f700000| PB 0x000000008f700000| Complete 
|  68|0x000000008f800000, 0x000000008f900000, 0x000000008f900000|100%| E|CS|TAMS 0x000000008f800000| PB 0x000000008f800000| Complete 
|  69|0x000000008f900000, 0x000000008fa00000, 0x000000008fa00000|100%| E|CS|TAMS 0x000000008f900000| PB 0x000000008f900000| Complete 
|  70|0x000000008fa00000, 0x000000008fb00000, 0x000000008fb00000|100%| E|CS|TAMS 0x000000008fa00000| PB 0x000000008fa00000| Complete 
|  71|0x000000008fb00000, 0x000000008fc00000, 0x000000008fc00000|100%| E|CS|TAMS 0x000000008fb00000| PB 0x000000008fb00000| Complete 
|  72|0x000000008fc00000, 0x000000008fd00000, 0x000000008fd00000|100%| E|CS|TAMS 0x000000008fc00000| PB 0x000000008fc00000| Complete 
| 117|0x0000000092900000, 0x0000000092a00000, 0x0000000092a00000|100%| E|CS|TAMS 0x0000000092900000| PB 0x0000000092900000| Complete 
|1865|0x00000000ffd00000, 0x00000000ffd69c30, 0x00000000ffe00000| 41%| O|  |TAMS 0x00000000ffd00000| PB 0x00000000ffd00000| Untracked 
|1866|0x00000000ffe00000, 0x00000000fff00000, 0x00000000fff00000|100%| O|  |TAMS 0x00000000ffe00000| PB 0x00000000ffe00000| Untracked 
|1867|0x00000000fff00000, 0x0000000100000000, 0x0000000100000000|100%| O|  |TAMS 0x00000000fff00000| PB 0x00000000fff00000| Untracked 

Card table byte_map: [0x000001a19e0c0000,0x000001a19e470000] _byte_map_base: 0x000001a19dc66000

Marking Bits: (CMBitMap*) 0x000001a18ae5c120
 Bits: [0x000001a19e470000, 0x000001a1a01a0000)

Polling page: 0x000001a18a5d0000

Metaspace:

Usage:
  Non-class:     26.64 MB used.
      Class:      3.97 MB used.
       Both:     30.61 MB used.

Virtual space:
  Non-class space:       64.00 MB reserved,      26.88 MB ( 42%) committed,  1 nodes.
      Class space:        1.00 GB reserved,       4.19 MB ( <1%) committed,  1 nodes.
             Both:        1.06 GB reserved,      31.06 MB (  3%) committed. 

Chunk freelists:
   Non-Class:  5.02 MB
       Class:  11.64 MB
        Both:  16.65 MB

MaxMetaspaceSize: unlimited
CompressedClassSpaceSize: 1.00 GB
Initial GC threshold: 21.00 MB
Current GC threshold: 35.12 MB
CDS: on
 - commit_granule_bytes: 65536.
 - commit_granule_words: 8192.
 - virtual_space_node_default_size: 8388608.
 - enlarge_chunks_in_place: 1.
 - use_allocation_guard: 0.


Internal statistics:

num_allocs_failed_limit: 3.
num_arena_births: 606.
num_arena_deaths: 0.
num_vsnodes_births: 2.
num_vsnodes_deaths: 0.
num_space_committed: 497.
num_space_uncommitted: 0.
num_chunks_returned_to_freelist: 3.
num_chunks_taken_from_freelist: 1753.
num_chunk_merges: 3.
num_chunk_splits: 1200.
num_chunks_enlarged: 865.
num_inconsistent_stats: 0.

CodeHeap 'non-profiled nmethods': size=120000Kb used=2245Kb max_used=2245Kb free=117754Kb
 bounds [0x000001a196280000, 0x000001a1964f0000, 0x000001a19d7b0000]
CodeHeap 'profiled nmethods': size=120000Kb used=8526Kb max_used=8526Kb free=111473Kb
 bounds [0x000001a18e7b0000, 0x000001a18f010000, 0x000001a195ce0000]
CodeHeap 'non-nmethods': size=5760Kb used=1461Kb max_used=1517Kb free=4298Kb
 bounds [0x000001a195ce0000, 0x000001a195f50000, 0x000001a196280000]
CodeCache: size=245760Kb, used=12232Kb, max_used=12288Kb, free=233525Kb
 total_blobs=4676, nmethods=4134, adapters=446, full_count=0
Compilation: enabled, stopped_count=0, restarted_count=0

Compilation events (20 events):
Event: 1.999 Thread 0x000001a1a2e2c150 nmethod 4113 0x000001a18eff1090 code [0x000001a18eff1240, 0x000001a18eff14b0]
Event: 2.000 Thread 0x000001a1a2e2c150 4114       3       java.lang.reflect.Constructor::isVarArgs (5 bytes)
Event: 2.000 Thread 0x000001a1a2e2c150 nmethod 4114 0x000001a18eff1590 code [0x000001a18eff1740, 0x000001a18eff1918]
Event: 2.000 Thread 0x000001a1a2e2c150 4115       3       java.lang.invoke.MemberName::<init> (78 bytes)
Event: 2.001 Thread 0x000001a1a2e2c150 nmethod 4115 0x000001a18eff1a10 code [0x000001a18eff1c40, 0x000001a18eff2628]
Event: 2.001 Thread 0x000001a1a2e2c150 4116       3       java.util.HashSet::clear (8 bytes)
Event: 2.001 Thread 0x000001a1a2e2c150 nmethod 4116 0x000001a18eff2890 code [0x000001a18eff2a40, 0x000001a18eff2c18]
Event: 2.004 Thread 0x000001a1a2e2c150 4117   !   3       java.util.logging.LogManager::ensureLogManagerInitialized (144 bytes)
Event: 2.004 Thread 0x000001a1a2e094f0 4119       4       java.nio.Buffer::position (52 bytes)
Event: 2.004 Thread 0x000001a1a2e2c150 nmethod 4117 0x000001a18eff2d10 code [0x000001a18eff3020, 0x000001a18eff41c8]
Event: 2.004 Thread 0x000001a1a2e2c150 4118       3       java.lang.StringLatin1::lastIndexOf (125 bytes)
Event: 2.004 Thread 0x000001a1a2e094f0 nmethod 4119 0x000001a1964ae510 code [0x000001a1964ae6a0, 0x000001a1964ae790]
Event: 2.005 Thread 0x000001a1a2e094f0 4123   !   4       jdk.internal.loader.BuiltinClassLoader$2::run (114 bytes)
Event: 2.005 Thread 0x000001a1a2e2c150 nmethod 4118 0x000001a18eff4790 code [0x000001a18eff4960, 0x000001a18eff4da8]
Event: 2.005 Thread 0x000001a1a2e2c150 4121       3       java.nio.ByteBuffer::array (35 bytes)
Event: 2.005 Thread 0x000001a1a2e2c150 nmethod 4121 0x000001a18eff5010 code [0x000001a18eff51e0, 0x000001a18eff54b0]
Event: 2.005 Thread 0x000001a1a2e2c150 4122       1       java.util.ResourceBundle$CacheKey::getLocale (5 bytes)
Event: 2.005 Thread 0x000001a1a2e2c150 nmethod 4122 0x000001a1964ae810 code [0x000001a1964ae9a0, 0x000001a1964aea68]
Event: 2.005 Thread 0x000001a1a2e2c150 4120       3       java.nio.CharBuffer::hasArray (20 bytes)
Event: 2.005 Thread 0x000001a1a2e2c150 nmethod 4120 0x000001a18eff5610 code [0x000001a18eff57c0, 0x000001a18eff5958]

GC Heap History (8 events):
Event: 0.402 GC heap before
{Heap before GC invocations=0 (full 0):
 garbage-first heap   total 120832K, used 24576K [0x000000008b400000, 0x0000000100000000)
  region size 1024K, 23 young (23552K), 0 survivors (0K)
 Metaspace       used 6136K, committed 6336K, reserved 1114112K
  class space    used 734K, committed 832K, reserved 1048576K
}
Event: 0.407 GC heap after
{Heap after GC invocations=1 (full 0):
 garbage-first heap   total 120832K, used 8592K [0x000000008b400000, 0x0000000100000000)
  region size 1024K, 3 young (3072K), 3 survivors (3072K)
 Metaspace       used 6136K, committed 6336K, reserved 1114112K
  class space    used 734K, committed 832K, reserved 1048576K
}
Event: 0.666 GC heap before
{Heap before GC invocations=1 (full 0):
 garbage-first heap   total 120832K, used 36240K [0x000000008b400000, 0x0000000100000000)
  region size 1024K, 31 young (31744K), 3 survivors (3072K)
 Metaspace       used 13803K, committed 14144K, reserved 1114112K
  class space    used 1725K, committed 1856K, reserved 1048576K
}
Event: 0.670 GC heap after
{Heap after GC invocations=2 (full 0):
 garbage-first heap   total 120832K, used 11553K [0x000000008b400000, 0x0000000100000000)
  region size 1024K, 3 young (3072K), 3 survivors (3072K)
 Metaspace       used 13803K, committed 14144K, reserved 1114112K
  class space    used 1725K, committed 1856K, reserved 1048576K
}
Event: 1.085 GC heap before
{Heap before GC invocations=2 (full 0):
 garbage-first heap   total 120832K, used 52513K [0x000000008b400000, 0x0000000100000000)
  region size 1024K, 45 young (46080K), 3 survivors (3072K)
 Metaspace       used 21200K, committed 21504K, reserved 1114112K
  class space    used 2635K, committed 2752K, reserved 1048576K
}
Event: 1.091 GC heap after
{Heap after GC invocations=3 (full 0):
 garbage-first heap   total 120832K, used 15152K [0x000000008b400000, 0x0000000100000000)
  region size 1024K, 7 young (7168K), 7 survivors (7168K)
 Metaspace       used 21200K, committed 21504K, reserved 1114112K
  class space    used 2635K, committed 2752K, reserved 1048576K
}
Event: 1.787 GC heap before
{Heap before GC invocations=4 (full 0):
 garbage-first heap   total 55296K, used 54064K [0x000000008b400000, 0x0000000100000000)
  region size 1024K, 45 young (46080K), 7 survivors (7168K)
 Metaspace       used 28468K, committed 28928K, reserved 1114112K
  class space    used 3701K, committed 3904K, reserved 1048576K
}
Event: 1.797 GC heap after
{Heap after GC invocations=5 (full 0):
 garbage-first heap   total 65536K, used 18328K [0x000000008b400000, 0x0000000100000000)
  region size 1024K, 7 young (7168K), 7 survivors (7168K)
 Metaspace       used 28468K, committed 28928K, reserved 1114112K
  class space    used 3701K, committed 3904K, reserved 1048576K
}

Dll operation events (7 events):
Event: 0.004 Loaded shared library C:\Users\Den\.p2\pool\plugins\org.eclipse.justj.openjdk.hotspot.jre.full.win32.x86_64_21.0.8.v20250724-1412\jre\bin\java.dll
Event: 0.025 Loaded shared library C:\Users\Den\.p2\pool\plugins\org.eclipse.justj.openjdk.hotspot.jre.full.win32.x86_64_21.0.8.v20250724-1412\jre\bin\zip.dll
Event: 0.067 Loaded shared library C:\Users\Den\.p2\pool\plugins\org.eclipse.justj.openjdk.hotspot.jre.full.win32.x86_64_21.0.8.v20250724-1412\jre\bin\net.dll
Event: 0.068 Loaded shared library C:\Users\Den\.p2\pool\plugins\org.eclipse.justj.openjdk.hotspot.jre.full.win32.x86_64_21.0.8.v20250724-1412\jre\bin\nio.dll
Event: 0.069 Loaded shared library C:\Users\Den\.p2\pool\plugins\org.eclipse.justj.openjdk.hotspot.jre.full.win32.x86_64_21.0.8.v20250724-1412\jre\bin\zip.dll
Event: 0.135 Loaded shared library C:\Users\Den\.p2\pool\plugins\org.eclipse.justj.openjdk.hotspot.jre.full.win32.x86_64_21.0.8.v20250724-1412\jre\bin\jimage.dll
Event: 0.767 Loaded shared library C:\Users\Den\.p2\pool\plugins\org.eclipse.justj.openjdk.hotspot.jre.full.win32.x86_64_21.0.8.v20250724-1412\jre\bin\sunmscapi.dll

Deoptimization events (20 events):
Event: 1.942 Thread 0x000001a18ae0f970 DEOPT PACKING pc=0x000001a18ed35361 sp=0x00000041f07fda50
Event: 1.942 Thread 0x000001a18ae0f970 DEOPT UNPACKING pc=0x000001a195d34e42 sp=0x00000041f07fcf40 mode 0
Event: 1.946 Thread 0x000001a18ae0f970 DEOPT PACKING pc=0x000001a18ed35361 sp=0x00000041f07fdb90
Event: 1.946 Thread 0x000001a18ae0f970 DEOPT UNPACKING pc=0x000001a195d34e42 sp=0x00000041f07fd080 mode 0
Event: 1.946 Thread 0x000001a18ae0f970 DEOPT PACKING pc=0x000001a18ed35361 sp=0x00000041f07fdb90
Event: 1.946 Thread 0x000001a18ae0f970 DEOPT UNPACKING pc=0x000001a195d34e42 sp=0x00000041f07fd080 mode 0
Event: 1.954 Thread 0x000001a18ae0f970 DEOPT PACKING pc=0x000001a18ed35361 sp=0x00000041f07fdf80
Event: 1.954 Thread 0x000001a18ae0f970 DEOPT UNPACKING pc=0x000001a195d34e42 sp=0x00000041f07fd470 mode 0
Event: 1.954 Thread 0x000001a18ae0f970 DEOPT PACKING pc=0x000001a18ed35361 sp=0x00000041f07fdf80
Event: 1.954 Thread 0x000001a18ae0f970 DEOPT UNPACKING pc=0x000001a195d34e42 sp=0x00000041f07fd470 mode 0
Event: 1.954 Thread 0x000001a18ae0f970 DEOPT PACKING pc=0x000001a18ed35361 sp=0x00000041f07fdf80
Event: 1.954 Thread 0x000001a18ae0f970 DEOPT UNPACKING pc=0x000001a195d34e42 sp=0x00000041f07fd470 mode 0
Event: 1.980 Thread 0x000001a18ae0f970 Uncommon trap: trap_request=0xffffff45 fr.pc=0x000001a1964aad2c relative=0x000000000000008c
Event: 1.980 Thread 0x000001a18ae0f970 Uncommon trap: reason=unstable_if action=reinterpret pc=0x000001a1964aad2c method=jdk.internal.misc.Unsafe.convEndian(ZI)I @ 4 c2
Event: 1.980 Thread 0x000001a18ae0f970 DEOPT PACKING pc=0x000001a1964aad2c sp=0x00000041f07fa9d0
Event: 1.980 Thread 0x000001a18ae0f970 DEOPT UNPACKING pc=0x000001a195d346a2 sp=0x00000041f07fa8d8 mode 2
Event: 1.985 Thread 0x000001a18ae0f970 Uncommon trap: trap_request=0xffffff45 fr.pc=0x000001a19644a498 relative=0x0000000000000078
Event: 1.985 Thread 0x000001a18ae0f970 Uncommon trap: reason=unstable_if action=reinterpret pc=0x000001a19644a498 method=java.lang.invoke.LambdaForm$BasicType.basicType(C)Ljava/lang/invoke/LambdaForm$BasicType; @ 1 c2
Event: 1.985 Thread 0x000001a18ae0f970 DEOPT PACKING pc=0x000001a19644a498 sp=0x00000041f07fde90
Event: 1.985 Thread 0x000001a18ae0f970 DEOPT UNPACKING pc=0x000001a195d346a2 sp=0x00000041f07fde28 mode 2

Classes loaded (20 events):
Event: 1.991 Loading class jdk/internal/logger/LazyLoggers
Event: 1.992 Loading class jdk/internal/logger/LazyLoggers done
Event: 1.992 Loading class jdk/internal/logger/LazyLoggers$1
Event: 1.992 Loading class jdk/internal/logger/LazyLoggers$1 done
Event: 1.992 Loading class jdk/internal/logger/LazyLoggers$LazyLoggerFactories
Event: 1.992 Loading class jdk/internal/logger/LazyLoggers$LazyLoggerFactories done
Event: 1.992 Loading class jdk/internal/logger/LoggerFinderLoader
Event: 1.992 Loading class jdk/internal/logger/LoggerFinderLoader done
Event: 1.992 Loading class java/io/FilePermission$1
Event: 1.992 Loading class jdk/internal/access/JavaIOFilePermissionAccess
Event: 1.993 Loading class jdk/internal/access/JavaIOFilePermissionAccess done
Event: 1.993 Loading class java/io/FilePermission$1 done
Event: 1.993 Loading class jdk/internal/logger/LoggerFinderLoader$TemporaryLoggerFinder
Event: 1.993 Loading class jdk/internal/logger/LoggerFinderLoader$TemporaryLoggerFinder done
Event: 1.993 Loading class sun/util/logging/internal/LoggingProviderImpl$JULWrapper
Event: 1.994 Loading class sun/util/logging/internal/LoggingProviderImpl$JULWrapper done
Event: 1.997 Loading class java/util/concurrent/atomic/Striped64$1
Event: 1.997 Loading class java/util/concurrent/atomic/Striped64$1 done
Event: 2.005 Loading class java/lang/instrument/IllegalClassFormatException
Event: 2.005 Loading class java/lang/instrument/IllegalClassFormatException done

Classes unloaded (0 events):
No events

Classes redefined (0 events):
No events

Internal exceptions (20 events):
Event: 1.670 Thread 0x000001a18ae0f970 Exception <a 'java/lang/NoSuchMethodError'{0x000000008c20ba00}: 'void java.lang.invoke.DelegatingMethodHandle$Holder.reinvoke_L(java.lang.Object, java.lang.Object, int)'> (0x000000008c20ba00) 
thrown [s\src\hotspot\share\interpreter\linkResolver.cpp, line 773]
Event: 1.697 Thread 0x000001a18ae0f970 Implicit null exception at 0x000001a19646537a to 0x000001a19646543d
Event: 1.725 Thread 0x000001a18ae0f970 Exception <a 'java/lang/IncompatibleClassChangeError'{0x000000008c057b60}: Found class java.lang.Object, but interface was expected> (0x000000008c057b60) 
thrown [s\src\hotspot\share\interpreter\linkResolver.cpp, line 840]
Event: 1.726 Thread 0x000001a18ae0f970 Exception <a 'java/lang/IncompatibleClassChangeError'{0x000000008c05ef88}: Found class java.lang.Object, but interface was expected> (0x000000008c05ef88) 
thrown [s\src\hotspot\share\interpreter\linkResolver.cpp, line 840]
Event: 1.726 Thread 0x000001a18ae0f970 Exception <a 'java/lang/IncompatibleClassChangeError'{0x000000008c062f60}: Found class java.lang.Object, but interface was expected> (0x000000008c062f60) 
thrown [s\src\hotspot\share\interpreter\linkResolver.cpp, line 840]
Event: 1.726 Thread 0x000001a18ae0f970 Exception <a 'java/lang/IncompatibleClassChangeError'{0x000000008c067278}: Found class java.lang.Object, but interface was expected> (0x000000008c067278) 
thrown [s\src\hotspot\share\interpreter\linkResolver.cpp, line 840]
Event: 1.751 Thread 0x000001a18ae0f970 Exception <a 'java/lang/NoSuchMethodError'{0x000000008bfc1068}: 'java.lang.Object java.lang.invoke.DirectMethodHandle$Holder.invokeSpecialIFC(java.lang.Object, java.lang.Object, java.lang.Object)'> (0x000000008bfc1068) 
thrown [s\src\hotspot\share\interpreter\linkResolver.cpp, line 773]
Event: 1.760 Thread 0x000001a18ae0f970 Exception <a 'java/lang/NoSuchMethodError'{0x000000008be2ae90}: 'java.lang.Object java.lang.invoke.DirectMethodHandle$Holder.invokeVirtual(java.lang.Object, java.lang.Object, java.lang.Object, java.lang.Object, java.lang.Object)'> (0x000000008be2ae90) 
thrown [s\src\hotspot\share\interpreter\linkResolver.cpp, line 773]
Event: 1.805 Thread 0x000001a18ae0f970 Exception <a 'java/lang/NoSuchMethodError'{0x00000000929c8790}: 'java.lang.Object java.lang.invoke.DirectMethodHandle$Holder.invokeVirtual(java.lang.Object, java.lang.Object, java.lang.Object, java.lang.Object, java.lang.Object, java.lang.Object)'> (0x00000000929c8790) 
thrown [s\src\hotspot\share\interpreter\linkResolver.cpp, line 773]
Event: 1.815 Thread 0x000001a18ae0f970 Exception <a 'java/lang/NoSuchMethodError'{0x000000008fc6bc28}: 'void java.lang.invoke.DirectMethodHandle$Holder.invokeSpecial(java.lang.Object, java.lang.Object, java.lang.Object, java.lang.Object, java.lang.Object, java.lang.Object, java.lang.Object)'> (0x000000008fc6bc28) 
thrown [s\src\hotspot\share\interpreter\linkResolver.cpp, line 773]
Event: 1.827 Thread 0x000001a18ae0f970 Exception <a 'java/lang/NoSuchMethodError'{0x000000008fbb9d18}: 'void java.lang.invoke.DirectMethodHandle$Holder.invokeInterface(java.lang.Object, java.lang.Object, int)'> (0x000000008fbb9d18) 
thrown [s\src\hotspot\share\interpreter\linkResolver.cpp, line 773]
Event: 1.829 Thread 0x000001a18ae0f970 Exception <a 'java/lang/IncompatibleClassChangeError'{0x000000008fbfd170}: Found class java.lang.Object, but interface was expected> (0x000000008fbfd170) 
thrown [s\src\hotspot\share\interpreter\linkResolver.cpp, line 840]
Event: 1.830 Thread 0x000001a18ae0f970 Exception <a 'java/lang/NoSuchMethodError'{0x000000008fa0b550}: 'int java.lang.invoke.DirectMethodHandle$Holder.invokeSpecialIFC(java.lang.Object, java.lang.Object, java.lang.Object)'> (0x000000008fa0b550) 
thrown [s\src\hotspot\share\interpreter\linkResolver.cpp, line 773]
Event: 1.831 Thread 0x000001a18ae0f970 Exception <a 'java/lang/NoSuchMethodError'{0x000000008fa20528}: 'void java.lang.invoke.DirectMethodHandle$Holder.invokeStatic(java.lang.Object, int, java.lang.Object)'> (0x000000008fa20528) 
thrown [s\src\hotspot\share\interpreter\linkResolver.cpp, line 773]
Event: 1.835 Thread 0x000001a18ae0f970 Exception <a 'java/lang/NoSuchMethodError'{0x000000008fa57748}: 'void java.lang.invoke.DirectMethodHandle$Holder.invokeStatic(java.lang.Object, java.lang.Object, java.lang.Object, int, java.lang.Object)'> (0x000000008fa57748) 
thrown [s\src\hotspot\share\interpreter\linkResolver.cpp, line 773]
Event: 1.835 Thread 0x000001a18ae0f970 Exception <a 'java/lang/NoSuchMethodError'{0x000000008fa5dfe8}: 'java.lang.Object java.lang.invoke.DirectMethodHandle$Holder.newInvokeSpecial(java.lang.Object, java.lang.Object, java.lang.Object, int)'> (0x000000008fa5dfe8) 
thrown [s\src\hotspot\share\interpreter\linkResolver.cpp, line 773]
Event: 1.835 Thread 0x000001a18ae0f970 Exception <a 'java/lang/NoSuchMethodError'{0x000000008fa61e98}: 'java.lang.Object java.lang.invoke.DirectMethodHandle$Holder.invokeSpecial(java.lang.Object, java.lang.Object, java.lang.Object, java.lang.Object, int)'> (0x000000008fa61e98) 
thrown [s\src\hotspot\share\interpreter\linkResolver.cpp, line 773]
Event: 1.835 Thread 0x000001a18ae0f970 Exception <a 'java/lang/NoSuchMethodError'{0x000000008fa65330}: 'java.lang.Object java.lang.invoke.Invokers$Holder.linkToTargetMethod(java.lang.Object, java.lang.Object, int, java.lang.Object)'> (0x000000008fa65330) 
thrown [s\src\hotspot\share\interpreter\linkResolver.cpp, line 773]
Event: 1.898 Thread 0x000001a18ae0f970 Exception <a 'java/lang/NoSuchMethodError'{0x000000008e1c53b0}: 'java.lang.Object java.lang.invoke.DirectMethodHandle$Holder.invokeStaticInit(java.lang.Object, int, int, int, int)'> (0x000000008e1c53b0) 
thrown [s\src\hotspot\share\interpreter\linkResolver.cpp, line 773]
Event: 1.933 Thread 0x000001a18ae0f970 Exception <a 'java/lang/NoSuchMethodError'{0x000000008e083848}: 'java.lang.Object java.lang.invoke.DirectMethodHandle$Holder.invokeStaticInit(java.lang.Object, java.lang.Object, int, int, int, int)'> (0x000000008e083848) 
thrown [s\src\hotspot\share\interpreter\linkResolver.cpp, line 773]

ZGC Phase Switch (0 events):
No events

VM Operations (20 events):
Event: 1.403 Executing VM operation: HandshakeAllThreads (Deoptimize)
Event: 1.403 Executing VM operation: HandshakeAllThreads (Deoptimize) done
Event: 1.532 Executing VM operation: HandshakeAllThreads (Deoptimize)
Event: 1.532 Executing VM operation: HandshakeAllThreads (Deoptimize) done
Event: 1.642 Executing VM operation: ICBufferFull
Event: 1.642 Executing VM operation: ICBufferFull done
Event: 1.683 Executing VM operation: HandshakeAllThreads (Deoptimize)
Event: 1.683 Executing VM operation: HandshakeAllThreads (Deoptimize) done
Event: 1.709 Executing VM operation: HandshakeAllThreads (Deoptimize)
Event: 1.709 Executing VM operation: HandshakeAllThreads (Deoptimize) done
Event: 1.787 Executing VM operation: G1CollectForAllocation (G1 Evacuation Pause)
Event: 1.797 Executing VM operation: G1CollectForAllocation (G1 Evacuation Pause) done
Event: 1.883 Executing VM operation: HandshakeAllThreads (Deoptimize)
Event: 1.884 Executing VM operation: HandshakeAllThreads (Deoptimize) done
Event: 1.906 Executing VM operation: HandshakeAllThreads (Deoptimize)
Event: 1.906 Executing VM operation: HandshakeAllThreads (Deoptimize) done
Event: 2.005 Executing VM operation: HandshakeAllThreads (Deoptimize)
Event: 2.005 Executing VM operation: HandshakeAllThreads (Deoptimize) done
Event: 2.006 Executing VM operation: HandshakeAllThreads (Deoptimize)
Event: 2.006 Executing VM operation: HandshakeAllThreads (Deoptimize) done

Memory protections (0 events):
No events

Nmethod flushes (0 events):
No events

Events (17 events):
Event: 0.018 Thread 0x000001a18ae0f970 Thread added: 0x000001a18ae0f970
Event: 0.027 Thread 0x000001a18ae0f970 Thread added: 0x000001a1a2dedc70
Event: 0.027 Thread 0x000001a18ae0f970 Thread added: 0x000001a1a2dee9d0
Event: 0.028 Thread 0x000001a18ae0f970 Thread added: 0x000001a1a2df1750
Event: 0.028 Thread 0x000001a18ae0f970 Thread added: 0x000001a1a2df2420
Event: 0.028 Thread 0x000001a18ae0f970 Thread added: 0x000001a1a2df31d0
Event: 0.028 Thread 0x000001a18ae0f970 Thread added: 0x000001a1a2df3c20
Event: 0.028 Thread 0x000001a18ae0f970 Thread added: 0x000001a1a2e094f0
Event: 0.028 Thread 0x000001a18ae0f970 Thread added: 0x000001a1a2e2c150
Event: 0.062 Thread 0x000001a18ae0f970 Thread added: 0x000001a1e81182b0
Event: 0.063 Thread 0x000001a18ae0f970 Thread added: 0x000001a1e811d4e0
Event: 0.081 Thread 0x000001a1a2e094f0 Thread added: 0x000001a1e811b930
Event: 0.081 Thread 0x000001a1a2e094f0 Thread added: 0x000001a1e811bfd0
Event: 0.548 Thread 0x000001a18ae0f970 Thread added: 0x000001a1e8deebf0
Event: 0.775 Thread 0x000001a18ae0f970 Thread added: 0x000001a1e9ef9410
Event: 0.776 Thread 0x000001a1e8deebf0 Thread exited: 0x000001a1e8deebf0
Event: 0.798 Thread 0x000001a1e9ef9410 Thread exited: 0x000001a1e9ef9410


Dynamic libraries:
0x00007ff6fcde0000 - 0x00007ff6fcdee000 	C:\Users\Den\.p2\pool\plugins\org.eclipse.justj.openjdk.hotspot.jre.full.win32.x86_64_21.0.8.v20250724-1412\jre\bin\javaw.exe
0x00007ffcd8c50000 - 0x00007ffcd8e48000 	C:\Windows\SYSTEM32\ntdll.dll
0x00007ffcd8a90000 - 0x00007ffcd8b52000 	C:\Windows\System32\KERNEL32.DLL
0x00007ffcd62e0000 - 0x00007ffcd65d7000 	C:\Windows\System32\KERNELBASE.dll
0x00007ffcd6a50000 - 0x00007ffcd6b50000 	C:\Windows\System32\ucrtbase.dll
0x00007ffccfd50000 - 0x00007ffccfd68000 	C:\Users\Den\.p2\pool\plugins\org.eclipse.justj.openjdk.hotspot.jre.full.win32.x86_64_21.0.8.v20250724-1412\jre\bin\jli.dll
0x00007ffcc2c90000 - 0x00007ffcc2cae000 	C:\Users\Den\.p2\pool\plugins\org.eclipse.justj.openjdk.hotspot.jre.full.win32.x86_64_21.0.8.v20250724-1412\jre\bin\VCRUNTIME140.dll
0x00007ffcd8720000 - 0x00007ffcd88bd000 	C:\Windows\System32\USER32.dll
0x00007ffcd67c0000 - 0x00007ffcd67e2000 	C:\Windows\System32\win32u.dll
0x00007ffcc22a0000 - 0x00007ffcc253a000 	C:\Windows\WinSxS\amd64_microsoft.windows.common-controls_6595b64144ccf1df_6.0.19041.5915_none_60b4b9d171f9c7c7\COMCTL32.dll
0x00007ffcd6c70000 - 0x00007ffcd6c9b000 	C:\Windows\System32\GDI32.dll
0x00007ffcd7650000 - 0x00007ffcd76ee000 	C:\Windows\System32\msvcrt.dll
0x00007ffcd6b50000 - 0x00007ffcd6c69000 	C:\Windows\System32\gdi32full.dll
0x00007ffcd65e0000 - 0x00007ffcd667d000 	C:\Windows\System32\msvcp_win.dll
0x00007ffcd79c0000 - 0x00007ffcd79ef000 	C:\Windows\System32\IMM32.DLL
0x00007ffcd2fa0000 - 0x00007ffcd2fac000 	C:\Users\Den\.p2\pool\plugins\org.eclipse.justj.openjdk.hotspot.jre.full.win32.x86_64_21.0.8.v20250724-1412\jre\bin\vcruntime140_1.dll
0x00007ffcb0fe0000 - 0x00007ffcb106d000 	C:\Users\Den\.p2\pool\plugins\org.eclipse.justj.openjdk.hotspot.jre.full.win32.x86_64_21.0.8.v20250724-1412\jre\bin\msvcp140.dll
0x00007ffc92180000 - 0x00007ffc92f17000 	C:\Users\Den\.p2\pool\plugins\org.eclipse.justj.openjdk.hotspot.jre.full.win32.x86_64_21.0.8.v20250724-1412\jre\bin\server\jvm.dll
0x00007ffcd89d0000 - 0x00007ffcd8a81000 	C:\Windows\System32\ADVAPI32.dll
0x00007ffcd7700000 - 0x00007ffcd779f000 	C:\Windows\System32\sechost.dll
0x00007ffcd82a0000 - 0x00007ffcd83c6000 	C:\Windows\System32\RPCRT4.dll
0x00007ffcd67f0000 - 0x00007ffcd6817000 	C:\Windows\System32\bcrypt.dll
0x00007ffcd8940000 - 0x00007ffcd89ab000 	C:\Windows\System32\WS2_32.dll
0x00007ffcd5820000 - 0x00007ffcd586b000 	C:\Windows\SYSTEM32\POWRPROF.dll
0x00007ffccaba0000 - 0x00007ffccabc7000 	C:\Windows\SYSTEM32\WINMM.dll
0x00007ffcce760000 - 0x00007ffcce76a000 	C:\Windows\SYSTEM32\VERSION.dll
0x00007ffcd56e0000 - 0x00007ffcd56f2000 	C:\Windows\SYSTEM32\UMPDC.dll
0x00007ffcd4b20000 - 0x00007ffcd4b32000 	C:\Windows\SYSTEM32\kernel.appcore.dll
0x00007ffcd2e80000 - 0x00007ffcd2e8a000 	C:\Users\Den\.p2\pool\plugins\org.eclipse.justj.openjdk.hotspot.jre.full.win32.x86_64_21.0.8.v20250724-1412\jre\bin\jimage.dll
0x00007ffcd3fc0000 - 0x00007ffcd41c1000 	C:\Windows\SYSTEM32\DBGHELP.DLL
0x00007ffcbfe00000 - 0x00007ffcbfe34000 	C:\Windows\SYSTEM32\dbgcore.DLL
0x00007ffcd6680000 - 0x00007ffcd6702000 	C:\Windows\System32\bcryptPrimitives.dll
0x00007ffcd0350000 - 0x00007ffcd036f000 	C:\Users\Den\.p2\pool\plugins\org.eclipse.justj.openjdk.hotspot.jre.full.win32.x86_64_21.0.8.v20250724-1412\jre\bin\java.dll
0x00007ffcd6ca0000 - 0x00007ffcd740e000 	C:\Windows\System32\SHELL32.dll
0x00007ffcd4360000 - 0x00007ffcd4b04000 	C:\Windows\SYSTEM32\windows.storage.dll
0x00007ffcd7a00000 - 0x00007ffcd7d53000 	C:\Windows\System32\combase.dll
0x00007ffcd5d10000 - 0x00007ffcd5d3b000 	C:\Windows\SYSTEM32\Wldp.dll
0x00007ffcd7d60000 - 0x00007ffcd7e2d000 	C:\Windows\System32\OLEAUT32.dll
0x00007ffcd8b60000 - 0x00007ffcd8c0d000 	C:\Windows\System32\SHCORE.dll
0x00007ffcd7960000 - 0x00007ffcd79bb000 	C:\Windows\System32\shlwapi.dll
0x00007ffcd6210000 - 0x00007ffcd6234000 	C:\Windows\SYSTEM32\profapi.dll
0x00007ffccff40000 - 0x00007ffccff58000 	C:\Users\Den\.p2\pool\plugins\org.eclipse.justj.openjdk.hotspot.jre.full.win32.x86_64_21.0.8.v20250724-1412\jre\bin\zip.dll
0x00007ffcd2e70000 - 0x00007ffcd2e80000 	C:\Users\Den\.p2\pool\plugins\org.eclipse.justj.openjdk.hotspot.jre.full.win32.x86_64_21.0.8.v20250724-1412\jre\bin\net.dll
0x00007ffccd9e0000 - 0x00007ffccdaea000 	C:\Windows\SYSTEM32\WINHTTP.dll
0x00007ffcd5a70000 - 0x00007ffcd5ada000 	C:\Windows\system32\mswsock.dll
0x00007ffccfc40000 - 0x00007ffccfc56000 	C:\Users\Den\.p2\pool\plugins\org.eclipse.justj.openjdk.hotspot.jre.full.win32.x86_64_21.0.8.v20250724-1412\jre\bin\nio.dll
0x00007ffccfb50000 - 0x00007ffccfb5e000 	C:\Users\Den\.p2\pool\plugins\org.eclipse.justj.openjdk.hotspot.jre.full.win32.x86_64_21.0.8.v20250724-1412\jre\bin\sunmscapi.dll
0x00007ffcd6870000 - 0x00007ffcd69cd000 	C:\Windows\System32\CRYPT32.dll
0x00007ffcd5d80000 - 0x00007ffcd5da7000 	C:\Windows\SYSTEM32\ncrypt.dll
0x00007ffcd5d40000 - 0x00007ffcd5d7b000 	C:\Windows\SYSTEM32\NTASN1.dll
0x00007ffcd5c60000 - 0x00007ffcd5c78000 	C:\Windows\SYSTEM32\CRYPTSP.dll
0x00007ffcd5320000 - 0x00007ffcd5358000 	C:\Windows\system32\rsaenh.dll
0x00007ffcd6190000 - 0x00007ffcd61be000 	C:\Windows\SYSTEM32\USERENV.dll
0x00007ffcd5c80000 - 0x00007ffcd5c8c000 	C:\Windows\SYSTEM32\CRYPTBASE.dll
0x00007ffcd5700000 - 0x00007ffcd573b000 	C:\Windows\SYSTEM32\IPHLPAPI.DLL
0x00007ffcd8630000 - 0x00007ffcd8638000 	C:\Windows\System32\NSI.dll
0x00007ffccff30000 - 0x00007ffccff3a000 	C:\Users\Den\.p2\pool\plugins\org.eclipse.justj.openjdk.hotspot.jre.full.win32.x86_64_21.0.8.v20250724-1412\jre\bin\management.dll
0x00007ffccfda0000 - 0x00007ffccfdab000 	C:\Users\Den\.p2\pool\plugins\org.eclipse.justj.openjdk.hotspot.jre.full.win32.x86_64_21.0.8.v20250724-1412\jre\bin\management_ext.dll
0x00007ffcd76f0000 - 0x00007ffcd76f8000 	C:\Windows\System32\PSAPI.DLL

JVMTI agents: none

dbghelp: loaded successfully - version: 4.0.5 - missing functions: none
symbol engine: initialized successfully - sym options: 0x614 - pdb path: .;C:\Users\Den\.p2\pool\plugins\org.eclipse.justj.openjdk.hotspot.jre.full.win32.x86_64_21.0.8.v20250724-1412\jre\bin;C:\Windows\SYSTEM32;C:\Windows\WinSxS\amd64_microsoft.windows.common-controls_6595b64144ccf1df_6.0.19041.5915_none_60b4b9d171f9c7c7;C:\Users\Den\.p2\pool\plugins\org.eclipse.justj.openjdk.hotspot.jre.full.win32.x86_64_21.0.8.v20250724-1412\jre\bin\server

VM Arguments:
jvm_args: -Dfile.encoding=UTF-8 -Dstdout.encoding=UTF-8 -Dstderr.encoding=UTF-8 -XX:+ShowCodeDetailsInExceptionMessages 
java_command: com.study.userservice.UserserviceApplication
java_class_path (initial): C:\Study\userservice\target\classes;C:\Users\Den\.m2\repository\org\springframework\boot\spring-boot-starter-data-jpa\3.5.6\spring-boot-starter-data-jpa-3.5.6.jar;C:\Users\Den\.m2\repository\org\springframework\boot\spring-boot-starter\3.5.6\spring-boot-starter-3.5.6.jar;C:\Users\Den\.m2\repository\org\springframework\boot\spring-boot\3.5.6\spring-boot-3.5.6.jar;C:\Users\Den\.m2\repository\org\springframework\boot\spring-boot-starter-logging\3.5.6\spring-boot-starter-logging-3.5.6.jar;C:\Users\Den\.m2\repository\ch\qos\logback\logback-classic\1.5.18\logback-classic-1.5.18.jar;C:\Users\Den\.m2\repository\ch\qos\logback\logback-core\1.5.18\logback-core-1.5.18.jar;C:\Users\Den\.m2\repository\org\apache\logging\log4j\log4j-to-slf4j\2.24.3\log4j-to-slf4j-2.24.3.jar;C:\Users\Den\.m2\repository\org\apache\logging\log4j\log4j-api\2.24.3\log4j-api-2.24.3.jar;C:\Users\Den\.m2\repository\org\slf4j\jul-to-slf4j\2.0.17\jul-to-slf4j-2.0.17.jar;C:\Users\Den\.m2\repository\jakarta\annotation\jakarta.annotation-api\2.1.1\jakarta.annotation-api-2.1.1.jar;C:\Users\Den\.m2\repository\org\springframework\boot\spring-boot-starter-jdbc\3.5.6\spring-boot-starter-jdbc-3.5.6.jar;C:\Users\Den\.m2\repository\com\zaxxer\HikariCP\6.3.3\HikariCP-6.3.3.jar;C:\Users\Den\.m2\repository\org\springframework\spring-jdbc\6.2.11\spring-jdbc-6.2.11.jar;C:\Users\Den\.m2\repository\org\hibernate\orm\hibernate-core\6.6.29.Final\hibernate-core-6.6.29.Final.jar;C:\Users\Den\.m2\repository\jakarta\persistence\jakarta.persistence-api\3.1.0\jakarta.persistence-api-3.1.0.jar;C:\Users\Den\.m2\repository\jakarta\transaction\jakarta.transaction-api\2.0.1\jakarta.transaction-api-2.0.1.jar;C:\Users\Den\.m2\repository\org\jboss\logging\jboss-logging\3.6.1.Final\jboss-logging-3.6.1.Final.jar;C:\Users\Den\.m2\repository\org\hibernate\common\hibernate-commons-annotations\7.0.3.Final\hibernate-commons-annotations-7.0.3.Final.jar;C:\Users\Den\.m2\repository\io\smallrye\jandex\3.2.0\jandex-3.2.0.jar;C:\Users\Den\.m2\repository\com\fasterxml\classmate\1.7.0\classmate-1.7.0.jar;C:\Users\Den\.m2\repository\net\bytebuddy\byte-buddy\1.17.7\byte-buddy-1.17.7.jar;C:\Users\Den\.m2\repository\org\glassfish\jaxb\jaxb-runtime\4.0.5\jaxb-runtime-4.0.5.jar;C:\Users\Den\.m2\repository\org\glassfish\jaxb\jaxb-core\4.0.5\jaxb-core-4.0.5.jar;C:\Users\Den\.m2\repository\org\eclipse\angus\angus-activation\2.0.2\angus-activation-2.0.2.jar;C:\Users\Den\.m2\repository\org\glassfish\jaxb\txw2\4.0.5\txw2-4.0.5.jar;C:\Users\Den\.m2\repository\com\sun\istack\istack-commons-runtime\4.1.2\istack-commons-runtime-4.1.2.jar;C:\Users\Den\.m2\repository\jakarta\inject\jakarta.inject-api\2.0.1\jakarta.inject-api-2.0.1.jar;C:\Users\Den\.m2\repository\org\antlr\antlr4-runtime\4.13.0\antlr4-runtime-4.13.0.jar;C:\Users\Den\.m2\repository\org\springframework\data\spring-data-jpa\3.5.4\spring-data-jpa-3.5.4.jar;C:\Users\Den\.m2\repository\org\springframework\data\spring-data-commons\3.5.4\spring-data-commons-3.5.4.jar;C:\Users\Den\.m2\repository\org\springframework\spring-orm\6.2.11\spring-orm-6.2.11.jar;C:\Users\Den\.m2\repository\org\springframework\spring-context\6.2.11\spring-context-6.2.11.jar;C:\Users\Den\.m2\repository\org\springframework\spring-aop\6.2.11\spring-aop-6.2.11.jar;C:\Users\Den\.m2\repository\org\springframework\spring-tx\6.2.11\spring-tx-6.2.11.jar;C:\Users\Den\.m2\repository\org\springframework\spring-beans\6.2.11\spring-beans-6.2.11.jar;C:\Users\Den\.m2\repository\org\slf4j\slf4j-api\2.0.17\slf4j-api-2.0.17.jar;C:\Users\Den\.m2\repository\org\springframework\spring-aspects\6.2.11\spring-aspects-6.2.11.jar;C:\Users\Den\.m2\repository\org\aspectj\aspectjweaver\1.9.24\aspectjweaver-1.9.24.jar;C:\Users\Den\.m2\repository\org\springframework\boot\spring-boot-starter-web\3.5.6\spring-boot-starter-web-3.5.6.jar;C:\Users\Den\.m2\repository\org\springframework\boot\spring-boot-starter-json\3.5.6\spring-boot-starter-json-3.5.6.jar;C:\Users\Den\.m2\repository\com\fasterxml\jackson\core\jackson-databind\2.19.2\jackson-databind-2.19.2.jar;C:\Users\Den\.m2\repository\com\fasterxml\jackson\core\jackson-annotations\2.19.2\jackson-annotations-2.19.2.jar;C:\Users\Den\.m2\repository\com\fasterxml\jackson\core\jackson-core\2.19.2\jackson-core-2.19.2.jar;C:\Users\Den\.m2\repository\com\fasterxml\jackson\datatype\jackson-datatype-jdk8\2.19.2\jackson-datatype-jdk8-2.19.2.jar;C:\Users\Den\.m2\repository\com\fasterxml\jackson\datatype\jackson-datatype-jsr310\2.19.2\jackson-datatype-jsr310-2.19.2.jar;C:\Users\Den\.m2\repository\com\fasterxml\jackson\module\jackson-module-parameter-names\2.19.2\jackson-module-parameter-names-2.19.2.jar;C:\Users\Den\.m2\repository\org\springframework\boot\spring-boot-starter-tomcat\3.5.6\spring-boot-starter-tomcat-3.5.6.jar;C:\Users\Den\.m2\repository\org\apache\tomcat\embed\tomcat-embed-core\10.1.46\tomcat-embed-core-10.1.46.jar;C:\Users\Den\.m2\repository\org\apache\tomcat\embed\tomcat-embed-el\10.1.46\tomcat-embed-el-10.1.46.jar;C:\Users\Den\.m2\repository\org\apache\tomcat\embed\tomcat-embed-websocket\10.1.46\tomcat-embed-websocket-10.1.46.jar;C:\Users\Den\.m2\repository\org\springframework\spring-web\6.2.11\spring-web-6.2.11.jar;C:\Users\Den\.m2\repository\io\micrometer\micrometer-observation\1.15.4\micrometer-observation-1.15.4.jar;C:\Users\Den\.m2\repository\io\micrometer\micrometer-commons\1.15.4\micrometer-commons-1.15.4.jar;C:\Users\Den\.m2\repository\org\springframework\spring-webmvc\6.2.11\spring-webmvc-6.2.11.jar;C:\Users\Den\.m2\repository\org\springframework\spring-expression\6.2.11\spring-expression-6.2.11.jar;C:\Users\Den\.m2\repository\org\liquibase\liquibase-core\4.31.1\liquibase-core-4.31.1.jar;C:\Users\Den\.m2\repository\com\opencsv\opencsv\5.9\opencsv-5.9.jar;C:\Users\Den\.m2\repository\org\yaml\snakeyaml\2.4\snakeyaml-2.4.jar;C:\Users\Den\.m2\repository\javax\xml\bind\jaxb-api\2.3.1\jaxb-api-2.3.1.jar;C:\Users\Den\.m2\repository\org\apache\commons\commons-collections4\4.4\commons-collections4-4.4.jar;C:\Users\Den\.m2\repository\org\apache\commons\commons-text\1.13.0\commons-text-1.13.0.jar;C:\Users\Den\.m2\repository\org\apache\commons\commons-lang3\3.17.0\commons-lang3-3.17.0.jar;C:\Users\Den\.m2\repository\commons-io\commons-io\2.18.0\commons-io-2.18.0.jar;C:\Users\Den\.m2\repository\com\mysql\mysql-connector-j\9.4.0\mysql-connector-j-9.4.0.jar;C:\Users\Den\.m2\repository\jakarta\xml\bind\jakarta.xml.bind-api\4.0.2\jakarta.xml.bind-api-4.0.2.jar;C:\Users\Den\.m2\repository\jakarta\activation\jakarta.activation-api\2.1.4\jakarta.activation-api-2.1.4.jar;C:\Users\Den\.m2\repository\org\springframework\spring-core\6.2.11\spring-core-6.2.11.jar;C:\Users\Den\.m2\repository\org\springframework\spring-jcl\6.2.11\spring-jcl-6.2.11.jar;C:\Users\Den\.m2\repository\org\springframework\boot\spring-boot-autoconfigure\3.5.6\spring-boot-autoconfigure-3.5.6.jar;C:\Users\Den\.m2\repository\org\springframework\boot\spring-boot-starter-data-redis\3.5.6\spring-boot-starter-data-redis-3.5.6.jar;C:\Users\Den\.m2\repository\io\lettuce\lettuce-core\6.6.0.RELEASE\lettuce-core-6.6.0.RELEASE.jar;C:\Users\Den\.m2\repository\redis\clients\authentication\redis-authx-core\0.1.1-beta2\redis-authx-core-0.1.1-beta2.jar;C:\Users\Den\.m2\repository\io\netty\netty-common\4.1.127.Final\netty-common-4.1.127.Final.jar;C:\Users\Den\.m2\repository\io\netty\netty-handler\4.1.127.Final\netty-handler-4.1.127.Final.jar;C:\Users\Den\.m2\repository\io\netty\netty-resolver\4.1.127.Final\netty-resolver-4.1.127.Final.jar;C:\Users\Den\.m2\repository\io\netty\netty-buffer\4.1.127.Final\netty-buffer-4.1.127.Final.jar;C:\Users\Den\.m2\repository\io\netty\netty-transport-native-unix-common\4.1.127.Final\netty-transport-native-unix-common-4.1.127.Final.jar;C:\Users\Den\.m2\repository\io\netty\netty-codec\4.1.127.Final\netty-codec-4.1.127.Final.jar;C:\Users\Den\.m2\repository\io\netty\netty-transport\4.1.127.Final\netty-transport-4.1.127.Final.jar;C:\Users\Den\.m2\repository\io\projectreactor\reactor-core\3.7.11\reactor-core-3.7.11.jar;C:\Users\Den\.m2\repository\org\reactivestreams\reactive-streams\1.0.4\reactive-streams-1.0.4.jar;C:\Users\Den\.m2\repository\org\springframework\data\spring-data-redis\3.5.4\spring-data-redis-3.5.4.jar;C:\Users\Den\.m2\repository\org\springframework\data\spring-data-keyvalue\3.5.4\spring-data-keyvalue-3.5.4.jar;C:\Users\Den\.m2\repository\org\springframework\spring-oxm\6.2.11\spring-oxm-6.2.11.jar;C:\Users\Den\.m2\repository\org\springframework\boot\spring-boot-starter-cache\3.5.6\spring-boot-starter-cache-3.5.6.jar;C:\Users\Den\.m2\repository\org\springframework\spring-context-support\6.2.11\spring-context-support-6.2.11.jar
Launcher Type: SUN_STANDARD

[Global flags]
     intx CICompilerCount                          = 4                                         {product} {ergonomic}
     uint ConcGCThreads                            = 3                                         {product} {ergonomic}
     uint G1ConcRefinementThreads                  = 10                                        {product} {ergonomic}
   size_t G1HeapRegionSize                         = 1048576                                   {product} {ergonomic}
    uintx GCDrainStackTargetSize                   = 64                                        {product} {ergonomic}
   size_t InitialHeapSize                          = 123731968                                 {product} {ergonomic}
   size_t MarkStackSize                            = 4194304                                   {product} {ergonomic}
   size_t MaxHeapSize                              = 1958739968                                {product} {ergonomic}
   size_t MaxNewSize                               = 1174405120                                {product} {ergonomic}
   size_t MinHeapDeltaBytes                        = 1048576                                   {product} {ergonomic}
   size_t MinHeapSize                              = 8388608                                   {product} {ergonomic}
    uintx NonNMethodCodeHeapSize                   = 5839372                                {pd product} {ergonomic}
    uintx NonProfiledCodeHeapSize                  = 122909434                              {pd product} {ergonomic}
    uintx ProfiledCodeHeapSize                     = 122909434                              {pd product} {ergonomic}
    uintx ReservedCodeCacheSize                    = 251658240                              {pd product} {ergonomic}
     bool SegmentedCodeCache                       = true                                      {product} {ergonomic}
     bool ShowCodeDetailsInExceptionMessages       = true                                   {manageable} {command line}
   size_t SoftMaxHeapSize                          = 1958739968                             {manageable} {ergonomic}
     bool UseCompressedOops                        = true                           {product lp64_product} {ergonomic}
     bool UseG1GC                                  = true                                      {product} {ergonomic}
     bool UseLargePagesIndividualAllocation        = false                                  {pd product} {ergonomic}

Logging:
Log output configuration:
 #0: stdout all=warning uptime,level,tags foldmultilines=false
 #1: stderr all=off uptime,level,tags foldmultilines=false

Environment Variables:
PATH=C:/Users/Den/.p2/pool/plugins/org.eclipse.justj.openjdk.hotspot.jre.full.win32.x86_64_21.0.8.v20250724-1412/jre/bin/server;C:/Users/Den/.p2/pool/plugins/org.eclipse.justj.openjdk.hotspot.jre.full.win32.x86_64_21.0.8.v20250724-1412/jre/bin;C:\Program Files\Java\jdk-17\bin;C:\Program Files\Common Files\Oracle\Java\javapath;C:\SQLDB\dbhomeXE\bin;C:\Windows\system32;C:\Windows;C:\Windows\System32\Wbem;C:\Windows\System32\WindowsPowerShell\v1.0\;C:\Windows\System32\OpenSSH\;;C:\Program Files (x86)\PDFtk\bin\;C:\Program Files\Cloudflare\Cloudflare WARP\;C:\Program Files\WireGuard\;C:\Program Files\MySQL\MySQL Shell 8.0\bin\;C:\Users\Den\AppData\Local\Microsoft\WindowsApps;C:\JavaStudy\apache-maven-3.9.5\bin;C:\Users\Den\AppData\Local\GitHubDesktop\bin;C:\Program Files\liquibase;;C:\Users\Den\Desktop;
USERNAME=Den
OS=Windows_NT
PROCESSOR_IDENTIFIER=AMD64 Family 25 Model 80 Stepping 0, AuthenticAMD
TMP=C:\Users\Den\AppData\Local\Temp
TEMP=C:\Users\Den\AppData\Local\Temp




Periodic native trim disabled

---------------  S Y S T E M  ---------------

OS:
 Windows 10 , 64 bit Build 19041 (10.0.19041.5915)
OS uptime: 31 days 8:13 hours

CPU: total 12 (initial active 12) (12 cores per cpu, 2 threads per core) family 25 model 80 stepping 0 microcode 0x0, cx8, cmov, fxsr, ht, mmx, 3dnowpref, sse, sse2, sse3, ssse3, sse4a, sse4.1, sse4.2, popcnt, lzcnt, tsc, tscinvbit, avx, avx2, aes, erms, clmul, bmi1, bmi2, adx, sha, fma, vzeroupper, clflush, clflushopt, rdtscp, rdpid, fsrm, f16c, pku, cet_ss
Processor Information for the first 12 processors :
  Max Mhz: 3901, Current Mhz: 3901, Mhz Limit: 3901

Memory: 4k page, system-wide physical 7471M (1195M free)
TotalPageFile size 27278M (AvailPageFile size 5046M)
current process WorkingSet (physical memory assigned to process): 210M, peak: 214M
current process commit charge ("private bytes"): 253M, peak: 287M

vm_info: OpenJDK 64-Bit Server VM (21.0.8+9-LTS) for windows-amd64 JRE (21.0.8+9-LTS), built on 2025-07-15T00:00:00Z by "admin" with MS VC++ 17.7 (VS2022)

END.
